<?xml version="1.0" encoding="UTF-8"?>
<!-- Generated by org.testng.reporters.JUnitReportReporter -->
<testsuite hostname="DESKTOP-S4N7AHM" failures="0" tests="2" name="com.testNG.TestNGBasics" time="0.027" errors="0" timestamp="2022-06-01T16:33:34 CDT" skipped="0">
  <testcase classname="com.testNG.TestNGBasics" name="searchTest" time="0.009"/>
  <system-out/>
  <testcase classname="com.testNG.TestNGBasics" name="googleTitleTest" time="0.018"/>
  <system-out/>
</testsuite> <!-- com.testNG.TestNGBasics -->
